<?xml version="1.0" encoding="UTF-8"?>
<testsuite xmlns:xsi="http://www.w3.org/2001/XMLSchema-instance" xsi:noNamespaceSchemaLocation="https://maven.apache.org/surefire/maven-surefire-plugin/xsd/surefire-test-report-3.0.xsd" version="3.0" name="com.testrunner.TestRunner" time="8.999" tests="4" errors="0" skipped="0" failures="0">
  <properties>
[...]
</properties>
  <testcase name="Given click on find dentist from home page" classname="Scenario: Find Doctor from western dental for zip code 94105" time="0">
    <system-out><![CDATA[Feature: Search Doctor from particular zip code and filter western dental from results
  I want to use this template for my feature file
]]></system-out>
    <system-err><![CDATA[Starting ChromeDriver 87.0.4280.88 (89e2380a3e36c3464b5dd1302349b1382549290d-refs/branch-heads/4280@{#1761}) on port 40233
Only local connections are allowed.
Please see https://chromedriver.chromium.org/security-considerations for suggestions on keeping ChromeDriver safe.
ChromeDriver was started successfully.
Dec 21, 2020 7:50:59 PM org.openqa.selenium.remote.ProtocolHandshake createSession
INFO: Detected dialect: W3C
]]></system-err>
  </testcase>
  <testcase name="When select zip code as 94105 and provider as &quot;DeltaCare USA&quot; from dropdown" classname="Scenario: Find Doctor from western dental for zip code 94105" time="0"/>
  <testcase name="Then search &quot;western dental&quot; from search page" classname="Scenario: Find Doctor from western dental for zip code 94105" time="0">
    <system-out><![CDATA[null
]]></system-out>
  </testcase>
  <testcase name="" classname="Scenario: Find Doctor from western dental for zip code 94105" time="0"/>
</testsuite>